The destination name is too long (313), reducing to 236
--2026-04-08 01:39:12--  https://s3.eu-west-3.amazonaws.com/hbtn.intranet/uploads/misc/2024/6/ec1a7ab979fd2f363fafe26311825b93cf0b1d86.log?X-Amz-Algorithm=AWS4-HMAC-SHA256&X-Amz-Credential=AKIA4MYA5JM5DUTZGMZG%2F20260407%2Feu-west-3%2Fs3%2Faws4_request&X-Amz-Date=20260407T232057Z&X-Amz-Expires=345600&X-Amz-SignedHeaders=host&X-Amz-Signature=c1dcae7dd10c43e6bdb5b23303e2e94f9a0c8406b2de25de1c52b70ab89c3c89
Résolution de s3.eu-west-3.amazonaws.com (s3.eu-west-3.amazonaws.com)… 3.5.206.80, 3.5.206.30
Connexion à s3.eu-west-3.amazonaws.com (s3.eu-west-3.amazonaws.com)|3.5.206.80|:443… connecté.
requête HTTP transmise, en attente de la réponse… 200 OK
Taille : 10415266 (9,9M) []
Sauvegarde en : « ec1a7ab979fd2f363fafe26311825b93cf0b1d86.log?X-Amz-Algorithm=AWS4-HMAC-SHA256&X-Amz-Credential=AKIA4MYA5JM5DUTZGMZG%2F20260407%2Feu-west-3%2Fs3%2Faws4_request&X-Amz-Date=20260407T232057Z&X-Amz-Expires=345600&X-Amz-SignedHeaders=host&X-A »

     0K .......... .......... .......... .......... ..........  0% 6,45M 2s
    50K .......... .......... .......... .......... ..........  0% 8,00M 1s
   100K .......... .......... .......... .......... ..........  1% 18,6M 1s
   150K .......... .......... .......... .......... ..........  1% 9,19M 1s
   200K .......... .......... .......... .......... ..........  2% 20,5M 1s
   250K .......... .......... .......... .......... ..........  2% 18,2M 1s
   300K .......... .......... .......... .......... ..........  3% 24,8M 1s
   350K .......... .......... .......... .......... ..........  3% 5,30M 1s
   400K .......... .......... .......... .......... ..........  4% 19,2M 1s
   450K .......... .......... .......... .......... ..........  4% 19,8M 1s
   500K .......... .......... .......... .......... ..........  5% 17,5M 1s
   550K .......... .......... .......... .......... ..........  5% 21,4M 1s
   600K .......... .......... .......... .......... ..........  6% 19,4M 1s
   650K .......... .......... .......... .......... ..........  6% 23,2M 1s
   700K .......... .......... .......... .......... ..........  7% 19,5M 1s
   750K .......... .......... .......... .......... ..........  7% 26,0M 1s
   800K .......... .......... .......... .......... ..........  8% 15,2M 1s
   850K .......... .......... .......... .......... ..........  8% 16,3M 1s
   900K .......... .......... .......... .......... ..........  9% 9,03M 1s
   950K .......... .......... .......... .......... ..........  9%  104M 1s
  1000K .......... .......... .......... .......... .......... 10%  225M 1s
  1050K .......... .......... .......... .......... .......... 10% 12,3M 1s
  1100K .......... .......... .......... .......... .......... 11% 22,6M 1s
  1150K .......... .......... .......... .......... .......... 11% 17,2M 1s
  1200K .......... .......... .......... .......... .......... 12% 15,8M 1s
  1250K .......... .......... .......... .......... .......... 12% 17,2M 1s
  1300K .......... .......... .......... .......... .......... 13% 15,4M 1s
  1350K .......... .......... .......... .......... .......... 13% 15,7M 1s
  1400K .......... .......... .......... .......... .......... 14% 12,1M 1s
  1450K .......... .......... .......... .......... .......... 14% 17,7M 1s
  1500K .......... .......... .......... .......... .......... 15% 15,9M 1s
  1550K .......... .......... .......... .......... .......... 15% 15,4M 1s
  1600K .......... .......... .......... .......... .......... 16% 22,3M 1s
  1650K .......... .......... .......... .......... .......... 16% 18,6M 1s
  1700K .......... .......... .......... .......... .......... 17% 17,3M 1s
  1750K .......... .......... .......... .......... .......... 17% 12,2M 1s
  1800K .......... .......... .......... .......... .......... 18% 35,1M 1s
  1850K .......... .......... .......... .......... .......... 18% 32,1M 1s
  1900K .......... .......... .......... .......... .......... 19% 32,5M 1s
  1950K .......... .......... .......... .......... .......... 19% 20,8M 0s
  2000K .......... .......... .......... .......... .......... 20% 29,6M 0s
  2050K .......... .......... .......... .......... .......... 20% 19,5M 0s
  2100K .......... .......... .......... .......... .......... 21% 16,3M 0s
  2150K .......... .......... .......... .......... .......... 21% 21,2M 0s
  2200K .......... .......... .......... .......... .......... 22% 31,3M 0s
  2250K .......... .......... .......... .......... .......... 22% 18,6M 0s
  2300K .......... .......... .......... .......... .......... 23% 19,4M 0s
  2350K .......... .......... .......... .......... .......... 23% 17,2M 0s
  2400K .......... .......... .......... .......... .......... 24% 20,7M 0s
  2450K .......... .......... .......... .......... .......... 24% 22,3M 0s
  2500K .......... .......... .......... .......... .......... 25% 13,0M 0s
  2550K .......... .......... .......... .......... .......... 25% 15,2M 0s
  2600K .......... .......... .......... .......... .......... 26% 18,4M 0s
  2650K .......... .......... .......... .......... .......... 26% 24,1M 0s
  2700K .......... .......... .......... .......... .......... 27% 20,0M 0s
  2750K .......... .......... .......... .......... .......... 27% 17,2M 0s
  2800K .......... .......... .......... .......... .......... 28% 17,5M 0s
  2850K .......... .......... .......... .......... .......... 28% 24,6M 0s
  2900K .......... .......... .......... .......... .......... 29% 12,2M 0s
  2950K .......... .......... .......... .......... .......... 29% 34,0M 0s
  3000K .......... .......... .......... .......... .......... 29% 37,7M 0s
  3050K .......... .......... .......... .......... .......... 30% 19,4M 0s
  3100K .......... .......... .......... .......... .......... 30% 21,3M 0s
  3150K .......... .......... .......... .......... .......... 31% 24,7M 0s
  3200K .......... .......... .......... .......... .......... 31% 20,0M 0s
  3250K .......... .......... .......... .......... .......... 32% 20,5M 0s
  3300K .......... .......... .......... .......... .......... 32% 13,1M 0s
  3350K .......... .......... .......... .......... .......... 33% 19,2M 0s
  3400K .......... .......... .......... .......... .......... 33% 16,3M 0s
  3450K .......... .......... .......... .......... .......... 34% 27,0M 0s
  3500K .......... .......... .......... .......... .......... 34% 20,2M 0s
  3550K .......... .......... .......... .......... .......... 35% 16,0M 0s
  3600K .......... .......... .......... .......... .......... 35% 27,1M 0s
  3650K .......... .......... .......... .......... .......... 36% 24,4M 0s
  3700K .......... .......... .......... .......... .......... 36% 8,32M 0s
  3750K .......... .......... .......... .......... .......... 37%  322M 0s
  3800K .......... .......... .......... .......... .......... 37% 6,80M 0s
  3850K .......... .......... .......... .......... .......... 38% 18,3M 0s
  3900K .......... .......... .......... .......... .......... 38% 20,7M 0s
  3950K .......... .......... .......... .......... .......... 39% 17,5M 0s
  4000K .......... .......... .......... .......... .......... 39% 24,2M 0s
  4050K .......... .......... .......... .......... .......... 40% 33,6M 0s
  4100K .......... .......... .......... .......... .......... 40% 17,3M 0s
  4150K .......... .......... .......... .......... .......... 41% 19,9M 0s
  4200K .......... .......... .......... .......... .......... 41% 35,9M 0s
  4250K .......... .......... .......... .......... .......... 42% 38,9M 0s
  4300K .......... .......... .......... .......... .......... 42% 26,5M 0s
  4350K .......... .......... .......... .......... .......... 43% 24,8M 0s
  4400K .......... .......... .......... .......... .......... 43% 16,6M 0s
  4450K .......... .......... .......... .......... .......... 44% 30,1M 0s
  4500K .......... .......... .......... .......... .......... 44% 13,1M 0s
  4550K .......... .......... .......... .......... .......... 45% 41,7M 0s
  4600K .......... .......... .......... .......... .......... 45% 7,60M 0s
  4650K .......... .......... .......... .......... .......... 46% 13,7M 0s
  4700K .......... .......... .......... .......... .......... 46% 15,1M 0s
  4750K .......... .......... .......... .......... .......... 47% 10,7M 0s
  4800K .......... .......... .......... .......... .......... 47% 36,1M 0s
  4850K .......... .......... .......... .......... .......... 48% 56,6M 0s
  4900K .......... .......... .......... .......... .......... 48% 51,1M 0s
  4950K .......... .......... .......... .......... .......... 49%  296M 0s
  5000K .......... .......... .......... .......... .......... 49%  389M 0s
  5050K .......... .......... .......... .......... .......... 50% 51,1M 0s
  5100K .......... .......... .......... .......... .......... 50% 21,5M 0s
  5150K .......... .......... .......... .......... .......... 51% 22,5M 0s
  5200K .......... .......... .......... .......... .......... 51% 17,8M 0s
  5250K .......... .......... .......... .......... .......... 52% 17,9M 0s
  5300K .......... .......... .......... .......... .......... 52% 14,7M 0s
  5350K .......... .......... .......... .......... .......... 53% 17,6M 0s
  5400K .......... .......... .......... .......... .......... 53% 18,9M 0s
  5450K .......... .......... .......... .......... .......... 54% 13,4M 0s
  5500K .......... .......... .......... .......... .......... 54% 25,4M 0s
  5550K .......... .......... .......... .......... .......... 55% 67,0M 0s
  5600K .......... .......... .......... .......... .......... 55% 12,5M 0s
  5650K .......... .......... .......... .......... .......... 56% 9,05M 0s
  5700K .......... .......... .......... .......... .......... 56% 9,55M 0s
  5750K .......... .......... .......... .......... .......... 57% 45,1M 0s
  5800K .......... .......... .......... .......... .......... 57% 48,7M 0s
  5850K .......... .......... .......... .......... .......... 58% 24,7M 0s
  5900K .......... .......... .......... .......... .......... 58%  167M 0s
  5950K .......... .......... .......... .......... .......... 58% 15,5M 0s
  6000K .......... .......... .......... .......... .......... 59% 10,8M 0s
  6050K .......... .......... .......... .......... .......... 59% 20,3M 0s
  6100K .......... .......... .......... .......... .......... 60% 77,8M 0s
  6150K .......... .......... .......... .......... .......... 60% 25,6M 0s
  6200K .......... .......... .......... .......... .......... 61% 25,6M 0s
  6250K .......... .......... .......... .......... .......... 61% 19,0M 0s
  6300K .......... .......... .......... .......... .......... 62% 16,9M 0s
  6350K .......... .......... .......... .......... .......... 62% 20,1M 0s
  6400K .......... .......... .......... .......... .......... 63% 18,7M 0s
  6450K .......... .......... .......... .......... .......... 63% 42,9M 0s
  6500K .......... .......... .......... .......... .......... 64% 10,5M 0s
  6550K .......... .......... .......... .......... .......... 64% 52,4M 0s
  6600K .......... .......... .......... .......... .......... 65% 31,7M 0s
  6650K .......... .......... .......... .......... .......... 65% 16,1M 0s
  6700K .......... .......... .......... .......... .......... 66% 12,4M 0s
  6750K .......... .......... .......... .......... .......... 66% 36,0M 0s
  6800K .......... .......... .......... .......... .......... 67% 33,6M 0s
  6850K .......... .......... .......... .......... .......... 67% 22,0M 0s
  6900K .......... .......... .......... .......... .......... 68% 15,7M 0s
  6950K .......... .......... .......... .......... .......... 68% 20,1M 0s
  7000K .......... .......... .......... .......... .......... 69% 14,1M 0s
  7050K .......... .......... .......... .......... .......... 69% 24,6M 0s
  7100K .......... .......... .......... .......... .......... 70% 46,1M 0s
  7150K .......... .......... .......... .......... .......... 70% 18,7M 0s
  7200K .......... .......... .......... .......... .......... 71% 18,5M 0s
  7250K .......... .......... .......... .......... .......... 71% 21,3M 0s
  7300K .......... .......... .......... .......... .......... 72% 6,97M 0s
  7350K .......... .......... .......... .......... .......... 72% 8,62M 0s
  7400K .......... .......... .......... .......... .......... 73% 13,6M 0s
  7450K .......... .......... .......... .......... .......... 73% 24,0M 0s
  7500K .......... .......... .......... .......... .......... 74% 32,2M 0s
  7550K .......... .......... .......... .......... .......... 74% 67,5M 0s
  7600K .......... .......... .......... .......... .......... 75%  300M 0s
  7650K .......... .......... .......... .......... .......... 75% 53,7M 0s
  7700K .......... .......... .......... .......... .......... 76%  123M 0s
  7750K .......... .......... .......... .......... .......... 76% 12,5M 0s
  7800K .......... .......... .......... .......... .......... 77% 88,2M 0s
  7850K .......... .......... .......... .......... .......... 77% 22,9M 0s
  7900K .......... .......... .......... .......... .......... 78% 23,3M 0s
  7950K .......... .......... .......... .......... .......... 78% 19,5M 0s
  8000K .......... .......... .......... .......... .......... 79% 14,9M 0s
  8050K .......... .......... .......... .......... .......... 79% 16,9M 0s
  8100K .......... .......... .......... .......... .......... 80% 17,0M 0s
  8150K .......... .......... .......... .......... .......... 80% 24,7M 0s
  8200K .......... .......... .......... .......... .......... 81% 19,2M 0s
  8250K .......... .......... .......... .......... .......... 81% 29,7M 0s
  8300K .......... .......... .......... .......... .......... 82% 18,3M 0s
  8350K .......... .......... .......... .......... .......... 82% 23,3M 0s
  8400K .......... .......... .......... .......... .......... 83% 19,0M 0s
  8450K .......... .......... .......... .......... .......... 83% 21,6M 0s
  8500K .......... .......... .......... .......... .......... 84% 11,0M 0s
  8550K .......... .......... .......... .......... .......... 84% 25,5M 0s
  8600K .......... .......... .......... .......... .......... 85% 20,9M 0s
  8650K .......... .......... .......... .......... .......... 85% 8,83M 0s
  8700K .......... .......... .......... .......... .......... 86% 36,5M 0s
  8750K .......... .......... .......... .......... .......... 86%  333M 0s
  8800K .......... .......... .......... .......... .......... 87% 22,4M 0s
  8850K .......... .......... .......... .......... .......... 87% 18,5M 0s
  8900K .......... .......... .......... .......... .......... 87% 14,2M 0s
  8950K .......... .......... .......... .......... .......... 88% 21,2M 0s
  9000K .......... .......... .......... .......... .......... 88% 16,4M 0s
  9050K .......... .......... .......... .......... .......... 89% 24,5M 0s
  9100K .......... .......... .......... .......... .......... 89% 24,7M 0s
  9150K .......... .......... .......... .......... .......... 90% 21,7M 0s
  9200K .......... .......... .......... .......... .......... 90% 27,5M 0s
  9250K .......... .......... .......... .......... .......... 91% 17,4M 0s
  9300K .......... .......... .......... .......... .......... 91% 20,0M 0s
  9350K .......... .......... .......... .......... .......... 92% 18,2M 0s
  9400K .......... .......... .......... .......... .......... 92% 21,0M 0s
  9450K .......... .......... .......... .......... .......... 93% 19,2M 0s
  9500K .......... .......... .......... .......... .......... 93% 28,9M 0s
  9550K .......... .......... .......... .......... .......... 94% 18,3M 0s
  9600K .......... .......... .......... .......... .......... 94% 16,5M 0s
  9650K .......... .......... .......... .......... .......... 95% 20,0M 0s
  9700K .......... .......... .......... .......... .......... 95% 12,9M 0s
  9750K .......... .......... .......... .......... .......... 96% 16,8M 0s
  9800K .......... .......... .......... .......... .......... 96% 15,0M 0s
  9850K .......... .......... .......... .......... .......... 97% 20,8M 0s
  9900K .......... .......... .......... .......... .......... 97% 13,7M 0s
  9950K .......... .......... .......... .......... .......... 98% 27,7M 0s
 10000K .......... .......... .......... .......... .......... 98% 21,1M 0s
 10050K .......... .......... .......... .......... .......... 99% 18,3M 0s
 10100K .......... .......... .......... .......... .......... 99% 30,2M 0s
 10150K .......... .......... .                               100%  272M=0,5s

2026-04-08 01:39:13 (18,9 MB/s) — « ec1a7ab979fd2f363fafe26311825b93cf0b1d86.log?X-Amz-Algorithm=AWS4-HMAC-SHA256&X-Amz-Credential=AKIA4MYA5JM5DUTZGMZG%2F20260407%2Feu-west-3%2Fs3%2Faws4_request&X-Amz-Date=20260407T232057Z&X-Amz-Expires=345600&X-Amz-SignedHeaders=host&X-A » sauvegardé [10415266/10415266]

